Using pre-set license
Built from '2020.2/china_unity/release' branch; Version is '2020.2.0f1c1 (f2fe8b73675a) revision 15924875'; Using compiler version '192528614'; Build Type 'Release'
OS: 'Windows 10  (10.0.0) 64bit' Language: 'zh' Physical Memory: 8002 MB
BatchMode: 1, IsHumanControllingUs: 0, StartBugReporterOnCrash: 0, Is64bit: 1, IsPro: 0

 COMMAND LINE ARGUMENTS:
C:\Program Files\Unity\Hub\Editor\2020.2.0f1c1\Editor\Unity.exe
-adb2
-batchMode
-noUpm
-name
AssetImportWorker0
-projectPath
C:/Users/86139/Desktop/pursuit-evasion/Android/pursuit-evasion (Android)
-logFile
Logs/AssetImportWorker0.log
-srvPort
52218
Successfully changed project path to: C:/Users/86139/Desktop/pursuit-evasion/Android/pursuit-evasion (Android)
C:/Users/86139/Desktop/pursuit-evasion/Android/pursuit-evasion (Android)
Using Asset Import Pipeline V2.
Refreshing native plugins compatible for Editor in 23.37 ms, found 0 plugins.
Preloading 0 native plugins for Editor in 0.00 ms.
Initialize engine version: 2020.2.0f1c1 (f2fe8b73675a)
[Subsystems] Discovering subsystems at path C:/Program Files/Unity/Hub/Editor/2020.2.0f1c1/Editor/Data/Resources/UnitySubsystems
[Subsystems] Discovering subsystems at path C:/Users/86139/Desktop/pursuit-evasion/Android/pursuit-evasion (Android)/Assets
GfxDevice: creating device client; threaded=0
Direct3D:
    Version:  Direct3D 11.0 [level 11.1]
    Renderer: NVIDIA GeForce GTX 1660 Ti with Max-Q Design (ID=0x2191)
    Vendor:   
    VRAM:     5991 MB
    Driver:   26.21.14.4223
Initialize mono
Mono path[0] = 'C:/Program Files/Unity/Hub/Editor/2020.2.0f1c1/Editor/Data/Managed'
Mono path[1] = 'C:/Program Files/Unity/Hub/Editor/2020.2.0f1c1/Editor/Data/MonoBleedingEdge/lib/mono/unityjit'
Mono config path = 'C:/Program Files/Unity/Hub/Editor/2020.2.0f1c1/Editor/Data/MonoBleedingEdge/etc'
Using monoOptions --debugger-agent=transport=dt_socket,embedding=1,server=y,suspend=n,address=127.0.0.1:56236
Begin MonoManager ReloadAssembly
Registering precompiled unity dll's ...
Register platform support module: C:/Program Files/Unity/Hub/Editor/2020.2.0f1c1/Editor/Data/PlaybackEngines/WindowsStandaloneSupport/UnityEditor.WindowsStandalone.Extensions.dll
Registered in 0.002174 seconds.
Native extension for WindowsStandalone target not found
Refreshing native plugins compatible for Editor in 22.53 ms, found 0 plugins.
Preloading 0 native plugins for Editor in 0.00 ms.
Invoked RoslynAnalysisRunner static constructor.
RoslynAnalysisRunner will not be running.
RoslynAnalysisRunner has terminated.
Mono: successfully reloaded assembly
- Completed reload, in  2.076 seconds
Platform modules already initialized, skipping
Registering precompiled user dll's ...
Registered in 0.000740 seconds.
Begin MonoManager ReloadAssembly
Native extension for WindowsStandalone target not found
Refreshing native plugins compatible for Editor in 0.21 ms, found 0 plugins.
Preloading 0 native plugins for Editor in 0.00 ms.
Invoked RoslynAnalysisRunner static constructor.
RoslynAnalysisRunner will not be running.
RoslynAnalysisRunner has terminated.
Mono: successfully reloaded assembly
- Completed reload, in  0.834 seconds
Platform modules already initialized, skipping
========================================================================
Worker process is ready to serve import requests
Launched and connected shader compiler UnityShaderCompiler.exe after 0.04 seconds
Refreshing native plugins compatible for Editor in 0.20 ms, found 0 plugins.
Preloading 0 native plugins for Editor in 0.00 ms.
Unloading 1127 Unused Serialized files (Serialized files now loaded: 0)
System memory in use before: 73.2 MB.
System memory in use after: 73.3 MB.

Unloading 9 unused Assets to reduce memory usage. Loaded Objects now: 1587.
Total: 1.658500 ms (FindLiveObjects: 0.139700 ms CreateObjectMapping: 0.040600 ms MarkObjects: 1.429200 ms  DeleteObjects: 0.047800 ms)

========================================================================
Received Import Request.
  path: Assets/Scripts/Steps.cs
  artifactKey: Guid(8d5df1fefe9a398409b6adde17bae60d) Importer(815301076,1909f56bfc062723c751e8b465ee728b)
Start importing Assets/Scripts/Steps.cs using Guid(8d5df1fefe9a398409b6adde17bae60d) Importer(815301076,1909f56bfc062723c751e8b465ee728b)  -> (artifact id: 'd3799ecd33a28efca50d0cbb817b187a') in 0.035682 seconds
  Import took 0.038154 seconds .

========================================================================
Received Import Request.
  Time since last request: 0.000258 seconds.
  path: Assets/Scenes/random_map_test.unity
  artifactKey: Guid(c30337fcc690ddd439ecd78ae2ea6287) Importer(815301076,1909f56bfc062723c751e8b465ee728b)
Start importing Assets/Scenes/random_map_test.unity using Guid(c30337fcc690ddd439ecd78ae2ea6287) Importer(815301076,1909f56bfc062723c751e8b465ee728b)  -> (artifact id: '655084752b9fbab38b397607bf976677') in 0.011544 seconds
  Import took 0.013292 seconds .

========================================================================
Received Prepare
Refreshing native plugins compatible for Editor in 1.42 ms, found 0 plugins.
Preloading 0 native plugins for Editor in 0.00 ms.
Unloading 2 Unused Serialized files (Serialized files now loaded: 0)
System memory in use before: 50.3 MB.
System memory in use after: 50.4 MB.

Unloading 2 unused Assets to reduce memory usage. Loaded Objects now: 1587.
Total: 2.170200 ms (FindLiveObjects: 0.144000 ms CreateObjectMapping: 0.032600 ms MarkObjects: 1.980200 ms  DeleteObjects: 0.011900 ms)

========================================================================
Received Prepare
Refreshing native plugins compatible for Editor in 2.04 ms, found 0 plugins.
Preloading 0 native plugins for Editor in 0.00 ms.
Unloading 2 Unused Serialized files (Serialized files now loaded: 0)
System memory in use before: 50.6 MB.
System memory in use after: 50.7 MB.

Unloading 2 unused Assets to reduce memory usage. Loaded Objects now: 1587.
Total: 6.547800 ms (FindLiveObjects: 0.291300 ms CreateObjectMapping: 0.052700 ms MarkObjects: 6.182700 ms  DeleteObjects: 0.018100 ms)

AssetImportWorkerClient::OnTransportError - code=2 error=End of file
