Using pre-set license
Built from '2020.2/china_unity/release' branch; Version is '2020.2.0f1c1 (f2fe8b73675a) revision 15924875'; Using compiler version '192528614'; Build Type 'Release'
OS: 'Windows 10  (10.0.0) 64bit' Language: 'zh' Physical Memory: 8002 MB
BatchMode: 1, IsHumanControllingUs: 0, StartBugReporterOnCrash: 0, Is64bit: 1, IsPro: 0

 COMMAND LINE ARGUMENTS:
C:\Program Files\Unity\Hub\Editor\2020.2.0f1c1\Editor\Unity.exe
-adb2
-batchMode
-noUpm
-name
AssetImportWorker0
-projectPath
C:/Users/86139/Desktop/pursuit-evasion/Android/pursuit-evasion (Android)
-logFile
Logs/AssetImportWorker0.log
-srvPort
52532
Successfully changed project path to: C:/Users/86139/Desktop/pursuit-evasion/Android/pursuit-evasion (Android)
C:/Users/86139/Desktop/pursuit-evasion/Android/pursuit-evasion (Android)
Using Asset Import Pipeline V2.
Refreshing native plugins compatible for Editor in 24.18 ms, found 0 plugins.
Preloading 0 native plugins for Editor in 0.00 ms.
Initialize engine version: 2020.2.0f1c1 (f2fe8b73675a)
[Subsystems] Discovering subsystems at path C:/Program Files/Unity/Hub/Editor/2020.2.0f1c1/Editor/Data/Resources/UnitySubsystems
[Subsystems] Discovering subsystems at path C:/Users/86139/Desktop/pursuit-evasion/Android/pursuit-evasion (Android)/Assets
GfxDevice: creating device client; threaded=0
Direct3D:
    Version:  Direct3D 11.0 [level 11.1]
    Renderer: NVIDIA GeForce GTX 1660 Ti with Max-Q Design (ID=0x2191)
    Vendor:   
    VRAM:     5991 MB
    Driver:   26.21.14.4223
Initialize mono
Mono path[0] = 'C:/Program Files/Unity/Hub/Editor/2020.2.0f1c1/Editor/Data/Managed'
Mono path[1] = 'C:/Program Files/Unity/Hub/Editor/2020.2.0f1c1/Editor/Data/MonoBleedingEdge/lib/mono/unityjit'
Mono config path = 'C:/Program Files/Unity/Hub/Editor/2020.2.0f1c1/Editor/Data/MonoBleedingEdge/etc'
Using monoOptions --debugger-agent=transport=dt_socket,embedding=1,server=y,suspend=n,address=127.0.0.1:56544
Begin MonoManager ReloadAssembly
Registering precompiled unity dll's ...
Register platform support module: C:/Program Files/Unity/Hub/Editor/2020.2.0f1c1/Editor/Data/PlaybackEngines/WindowsStandaloneSupport/UnityEditor.WindowsStandalone.Extensions.dll
Registered in 0.002526 seconds.
Native extension for WindowsStandalone target not found
Refreshing native plugins compatible for Editor in 36.32 ms, found 0 plugins.
Preloading 0 native plugins for Editor in 0.00 ms.
Invoked RoslynAnalysisRunner static constructor.
RoslynAnalysisRunner will not be running.
RoslynAnalysisRunner has terminated.
Mono: successfully reloaded assembly
- Completed reload, in  3.393 seconds
Platform modules already initialized, skipping
Registering precompiled user dll's ...
Registered in 0.001904 seconds.
Begin MonoManager ReloadAssembly
Native extension for WindowsStandalone target not found
Refreshing native plugins compatible for Editor in 0.33 ms, found 0 plugins.
Preloading 0 native plugins for Editor in 0.00 ms.
Invoked RoslynAnalysisRunner static constructor.
RoslynAnalysisRunner will not be running.
RoslynAnalysisRunner has terminated.
Mono: successfully reloaded assembly
- Completed reload, in  1.219 seconds
Platform modules already initialized, skipping
========================================================================
Worker process is ready to serve import requests
Launched and connected shader compiler UnityShaderCompiler.exe after 0.05 seconds
Refreshing native plugins compatible for Editor in 0.32 ms, found 0 plugins.
Preloading 0 native plugins for Editor in 0.00 ms.
Unloading 1127 Unused Serialized files (Serialized files now loaded: 0)
System memory in use before: 73.2 MB.
System memory in use after: 73.3 MB.

Unloading 9 unused Assets to reduce memory usage. Loaded Objects now: 1587.
Total: 1.836600 ms (FindLiveObjects: 0.218800 ms CreateObjectMapping: 0.065200 ms MarkObjects: 1.499500 ms  DeleteObjects: 0.051800 ms)

========================================================================
Received Import Request.
  path: Assets/Scripts/Substitute.cs
  artifactKey: Guid(a3aba239b40f72042aa3ed0bc77c8308) Importer(815301076,1909f56bfc062723c751e8b465ee728b)
Start importing Assets/Scripts/Substitute.cs using Guid(a3aba239b40f72042aa3ed0bc77c8308) Importer(815301076,1909f56bfc062723c751e8b465ee728b)  -> (artifact id: '22552863cdeee44680ae2e18b6a8f226') in 0.039373 seconds
  Import took 0.043696 seconds .

========================================================================
Received Import Request.
  Time since last request: 0.000291 seconds.
  path: Assets/Scripts/Move_control.cs
  artifactKey: Guid(c26d0efdcd5417f46bf1e33f989f52ec) Importer(815301076,1909f56bfc062723c751e8b465ee728b)
Start importing Assets/Scripts/Move_control.cs using Guid(c26d0efdcd5417f46bf1e33f989f52ec) Importer(815301076,1909f56bfc062723c751e8b465ee728b)  -> (artifact id: '224b2501a4f0bc7a2f17d9ab86fc52dc') in 0.003003 seconds
  Import took 0.005360 seconds .

========================================================================
Received Import Request.
  Time since last request: 0.000280 seconds.
  path: Assets/Scripts/Mapunit.cs
  artifactKey: Guid(f3b94ff2c25467d499be0058a1d68186) Importer(815301076,1909f56bfc062723c751e8b465ee728b)
Start importing Assets/Scripts/Mapunit.cs using Guid(f3b94ff2c25467d499be0058a1d68186) Importer(815301076,1909f56bfc062723c751e8b465ee728b)  -> (artifact id: '3b375705c834e432e4023d290b3865c4') in 0.003413 seconds
  Import took 0.006313 seconds .

========================================================================
Received Import Request.
  Time since last request: 0.000333 seconds.
  path: Assets/Scripts/RandomMap.cs
  artifactKey: Guid(5edfee24c3b37bc4ca684db91e298542) Importer(815301076,1909f56bfc062723c751e8b465ee728b)
Start importing Assets/Scripts/RandomMap.cs using Guid(5edfee24c3b37bc4ca684db91e298542) Importer(815301076,1909f56bfc062723c751e8b465ee728b)  -> (artifact id: 'ca453e7082485dbcc4004c5e15807f9a') in 0.005345 seconds
  Import took 0.008965 seconds .

========================================================================
Received Import Request.
  Time since last request: 0.000253 seconds.
  path: Assets/Scripts/ViewController.cs
  artifactKey: Guid(7e84327fdf14271419d078e71d22542b) Importer(815301076,1909f56bfc062723c751e8b465ee728b)
Start importing Assets/Scripts/ViewController.cs using Guid(7e84327fdf14271419d078e71d22542b) Importer(815301076,1909f56bfc062723c751e8b465ee728b)  -> (artifact id: 'fcd79f60292415af1857e6d887d9d5f4') in 0.004169 seconds
  Import took 0.009105 seconds .

========================================================================
Received Import Request.
  Time since last request: 0.000294 seconds.
  path: Assets/Scripts/ShowStep.cs
  artifactKey: Guid(dec676c905a0cd8448dbab388794657b) Importer(815301076,1909f56bfc062723c751e8b465ee728b)
Start importing Assets/Scripts/ShowStep.cs using Guid(dec676c905a0cd8448dbab388794657b) Importer(815301076,1909f56bfc062723c751e8b465ee728b)  -> (artifact id: '7965798a4fd0c8c641d7808c4859ce3e') in 0.005470 seconds
  Import took 0.008860 seconds .

========================================================================
Received Import Request.
  Time since last request: 44.253139 seconds.
  path: Assets/Scripts/Mapunit.cs
  artifactKey: Guid(f3b94ff2c25467d499be0058a1d68186) Importer(815301076,1909f56bfc062723c751e8b465ee728b)
Start importing Assets/Scripts/Mapunit.cs using Guid(f3b94ff2c25467d499be0058a1d68186) Importer(815301076,1909f56bfc062723c751e8b465ee728b)  -> (artifact id: 'fac4f2626635b642f32a425bf1f9c5de') in 0.003456 seconds
  Import took 0.005887 seconds .

========================================================================
Received Import Request.
  Time since last request: 16.881873 seconds.
  path: Assets/Scripts/Mapunit.cs
  artifactKey: Guid(f3b94ff2c25467d499be0058a1d68186) Importer(815301076,1909f56bfc062723c751e8b465ee728b)
Start importing Assets/Scripts/Mapunit.cs using Guid(f3b94ff2c25467d499be0058a1d68186) Importer(815301076,1909f56bfc062723c751e8b465ee728b)  -> (artifact id: '07b3ccde85ee5c93077683426e246908') in 0.002435 seconds
  Import took 0.006586 seconds .

========================================================================
Received Prepare
Registering precompiled user dll's ...
Registered in 0.000776 seconds.
Begin MonoManager ReloadAssembly
Native extension for WindowsStandalone target not found
Refreshing native plugins compatible for Editor in 0.20 ms, found 0 plugins.
Preloading 0 native plugins for Editor in 0.00 ms.
Invoked RoslynAnalysisRunner static constructor.
RoslynAnalysisRunner will not be running.
RoslynAnalysisRunner has terminated.
Mono: successfully reloaded assembly
- Completed reload, in  0.776 seconds
Platform modules already initialized, skipping
Refreshing native plugins compatible for Editor in 0.20 ms, found 0 plugins.
Preloading 0 native plugins for Editor in 0.00 ms.
Unloading 1110 Unused Serialized files (Serialized files now loaded: 0)
System memory in use before: 73.5 MB.
System memory in use after: 73.6 MB.

Unloading 4 unused Assets to reduce memory usage. Loaded Objects now: 1589.
Total: 1.335600 ms (FindLiveObjects: 0.146100 ms CreateObjectMapping: 0.040500 ms MarkObjects: 1.131300 ms  DeleteObjects: 0.016700 ms)

========================================================================
Received Prepare
Refreshing native plugins compatible for Editor in 1.16 ms, found 0 plugins.
Preloading 0 native plugins for Editor in 0.00 ms.
Unloading 5 Unused Serialized files (Serialized files now loaded: 0)
System memory in use before: 51.5 MB.
System memory in use after: 51.6 MB.

Unloading 2 unused Assets to reduce memory usage. Loaded Objects now: 1589.
Total: 1.859100 ms (FindLiveObjects: 0.247500 ms CreateObjectMapping: 0.107200 ms MarkObjects: 1.483200 ms  DeleteObjects: 0.012800 ms)

AssetImportWorkerClient::OnTransportError - code=2 error=End of file
